<?xml version="1.0" encoding="UTF-8"?>
<Site BuildName="Linux-clang++"
	BuildStamp="20240503-1950-Experimental"
	Name="xancheng-inspiron5598"
	Generator="ctest-3.28.3"
	CompilerName="/usr/bin/clang++"
	CompilerVersion="16.0.6"
	OSName="Linux"
	Hostname="xancheng-inspiron5598"
	OSRelease="6.6.26-1-MANJARO"
	OSVersion="#1 SMP PREEMPT_DYNAMIC Wed Apr 10 20:11:08 UTC 2024"
	OSPlatform="x86_64"
	Is64Bits="1"
	VendorString="GenuineIntel"
	VendorID="Intel Corporation"
	FamilyID="6"
	ModelID="142"
	ProcessorCacheSize="6144"
	NumberOfLogicalCPU="8"
	NumberOfPhysicalCPU="4"
	TotalVirtualMemory="0"
	TotalPhysicalMemory="11750"
	LogicalProcessorsPerPhysical="2"
	ProcessorClockFrequency="3300"
	>
	<Testing>
		<StartDateTime>May 04 04:02 CST</StartDateTime>
		<StartTestTime>1714766557</StartTestTime>
		<TestList/>
		<EndDateTime>May 04 04:02 CST</EndDateTime>
		<EndTestTime>1714766557</EndTestTime>
		<ElapsedMinutes>0</ElapsedMinutes>
	</Testing>
</Site>
